                              1 ;--------------------------------------------------------
                              2 ; File Created by SDCC : FreeWare ANSI-C Compiler
                              3 ; Version 2.2.1 Thu Apr 29 20:01:28 2021
                              4 
                              5 ;--------------------------------------------------------
                              6 	.module lcc119880
                              7 	
                              8 ;--------------------------------------------------------
                              9 ; Public variables in this module
                             10 ;--------------------------------------------------------
                             11 	.globl _main
                             12 	.globl _menustart
                             13 	.globl _load_game_tiles
                             14 	.globl _do_gameplay
                             15 	.globl _update_graphics
                             16 	.globl _vblint
                             17 	.globl _disable_interrupts
                             18 	.globl _enable_interrupts
                             19 	.globl _add_VBL
                             20 	.globl _vblint
                             21 	.globl _main
                             22 ;--------------------------------------------------------
                             23 ; Externals used
                             24 ;--------------------------------------------------------
                             25 	.globl __io_out
                             26 	.globl __io_in
                             27 	.globl __io_status
                             28 	.globl _sys_time
                             29 	.globl __cpu
                             30 ;--------------------------------------------------------
                             31 ; special function registers
                             32 ;--------------------------------------------------------
                             33 ;--------------------------------------------------------
                             34 ; special function bits 
                             35 ;--------------------------------------------------------
                             36 ;--------------------------------------------------------
                             37 ; internal ram data
                             38 ;--------------------------------------------------------
                             39 	.area _DATA
                             40 ;--------------------------------------------------------
                             41 ; overlayable items in internal ram 
                             42 ;--------------------------------------------------------
                             43 	.area _OVERLAY
                             44 ;--------------------------------------------------------
                             45 ; indirectly addressable internal ram data
                             46 ;--------------------------------------------------------
                             47 	.area _ISEG
                             48 ;--------------------------------------------------------
                             49 ; bit data
                             50 ;--------------------------------------------------------
                             51 	.area _BSEG
                             52 ;--------------------------------------------------------
                             53 ; external ram data
                             54 ;--------------------------------------------------------
                             55 	.area _XSEG
                             56 ;--------------------------------------------------------
                             57 ; global & static initialisations
                             58 ;--------------------------------------------------------
                             59 	.area _GSINIT
                             60 	.area _GSFINAL
                             61 	.area _GSINIT
                             62 ;--------------------------------------------------------
                             63 ; Home
                             64 ;--------------------------------------------------------
                             65 	.area _HOME
                             66 	.area _CODE
                             67 ;--------------------------------------------------------
                             68 ; code
                             69 ;--------------------------------------------------------
                             70 	.area _CODE
                             71 ;	simple_shmup.c 35
                             72 ; genLabel
                             73 ; genFunction
                             74 ;	---------------------------------
                             75 ; Function main
                             76 ; ---------------------------------
   0000                      77 ___main_start:
   0000                      78 _main:
   0000 C5                   79 	push	bc
                             80 	
                             81 ;	simple_shmup.c 38
                             82 ; genAssign
   0001 11 00 20             83 	ld	de,#0x2000
                             84 ; genAssign (pointer)
   0004 3E 03                85 	ld	a,#0x03
   0006 12                   86 	ld	(de),a
                             87 ;	simple_shmup.c 40
                             88 ; genCall
   0007 CD 00 00             89 	call	_menustart
                             90 ;	simple_shmup.c 47
                             91 ; genCall
   000A CD 00 00             92 	call	_load_game_tiles
                             93 ;	simple_shmup.c 49
                             94 ; genCall
   000D CD 00 00             95 	call	_disable_interrupts
                             96 ;	simple_shmup.c 51
                             97 ; genAssign
   0010 01 27 00             98 	ld	bc,#_vblint + 0
                             99 ; genIpush
   0013 C5                  100 	push	bc
                            101 ; genCall
   0014 CD 00 00            102 	call	_add_VBL
   0017 E8 02               103 	lda	sp,2(sp)
                            104 ;	simple_shmup.c 53
                            105 ; genAssign
   0019 11 00 20            106 	ld	de,#0x2000
                            107 ; genAssign (pointer)
   001C 3E 02               108 	ld	a,#0x02
   001E 12                  109 	ld	(de),a
                            110 ;	simple_shmup.c 55
                            111 ; genCall
   001F CD 00 00            112 	call	_enable_interrupts
                            113 ;	simple_shmup.c 57
                            114 ; genCall
   0022 CD 00 00            115 	call	_do_gameplay
                            116 ; genLabel
   0025                     117 00101$:
                            118 ; genEndFunction
                            119 	
   0025 C1                  120 	pop	bc
   0026 C9                  121 	ret
   0027                     122 ___main_end:
                            123 ;	simple_shmup.c 62
                            124 ; genLabel
                            125 ; genFunction
                            126 ;	---------------------------------
                            127 ; Function vblint
                            128 ; ---------------------------------
   0027                     129 ___vblint_start:
   0027                     130 _vblint:
                            131 	
                            132 ;	simple_shmup.c 63
                            133 ; genAssign
   0027 11 00 20            134 	ld	de,#0x2000
                            135 ; genAssign (pointer)
   002A 3E 02               136 	ld	a,#0x02
   002C 12                  137 	ld	(de),a
                            138 ;	simple_shmup.c 65
                            139 ; genCall
   002D CD 00 00            140 	call	_update_graphics
                            141 ; genLabel
   0030                     142 00101$:
                            143 ; genEndFunction
                            144 	
   0030 C9                  145 	ret
   0031                     146 ___vblint_end:
                            147 	.area _CODE
ASxxxx Assembler V01.75  (GameBoy Z80-like CPU), page 1.

Symbol Table

  0 ___main_end                        0027 R
  0 ___main_start                      0000 R
  0 ___vblint_end                      0031 R
  0 ___vblint_start                    0027 R
    __cpu                              **** GX
    __io_in                            **** GX
    __io_out                           **** GX
    __io_status                        **** GX
    _add_VBL                           **** GX
    _disable_interrupts                **** GX
    _do_gameplay                       **** GX
    _enable_interrupts                 **** GX
    _load_game_tiles                   **** GX
  0 _main                              0000 GR
    _menustart                         **** GX
    _sys_time                          **** GX
    _update_graphics                   **** GX
  0 _vblint                            0027 GR

ASxxxx Assembler V01.75  (GameBoy Z80-like CPU), page 2.

Area Table

   0 _CODE                              size   31   flags 0
   1 _DATA                              size    0   flags 0
   2 _OVERLAY                           size    0   flags 0
   3 _ISEG                              size    0   flags 0
   4 _BSEG                              size    0   flags 0
   5 _XSEG                              size    0   flags 0
   6 _GSINIT                            size    0   flags 0
   7 _GSFINAL                           size    0   flags 0
   8 _HOME                              size    0   flags 0
